<html>
<head>
<title>TestNG:  Default test</title>
<link href="../testng.css" rel="stylesheet" type="text/css" />
<link href="../my-testng.css" rel="stylesheet" type="text/css" />

<style type="text/css">
.log { display: none;} 
.stack-trace { display: none;} 
</style>
<script type="text/javascript">
<!--
function flip(e) {
  current = e.style.display;
  if (current == 'block') {
    e.style.display = 'none';
    return 0;
  }
  else {
    e.style.display = 'block';
    return 1;
  }
}

function toggleBox(szDivId, elem, msg1, msg2)
{
  var res = -1;  if (document.getElementById) {
    res = flip(document.getElementById(szDivId));
  }
  else if (document.all) {
    // this is the way old msie versions work
    res = flip(document.all[szDivId]);
  }
  if(elem) {
    if(res == 0) elem.innerHTML = msg1; else elem.innerHTML = msg2;
  }

}

function toggleAllBoxes() {
  if (document.getElementsByTagName) {
    d = document.getElementsByTagName('div');
    for (i = 0; i < d.length; i++) {
      if (d[i].className == 'log') {
        flip(d[i]);
      }
    }
  }
}

// -->
</script>

</head>
<body>
<h2 align='center'>Default test</h2><table border='1' align="center">
<tr>
<td>Tests passed/Failed/Skipped:</td><td>21/1/0</td>
</tr><tr>
<td>Started on:</td><td>Wed Jan 04 22:58:38 WIB 2023</td>
</tr>
<tr><td>Total time:</td><td>105 seconds (105552 ms)</td>
</tr><tr>
<td>Included groups:</td><td></td>
</tr><tr>
<td>Excluded groups:</td><td></td>
</tr>
</table><p/>
<small><i>(Hover the method name to see the test class name)</i></small><p/>
<table width='100%' border='1' class='invocation-failed'>
<tr><td colspan='4' align='center'><b>FAILED TESTS</b></td></tr>
<tr><td><b>Test method</b></td>
<td width="30%"><b>Exception</b></td>
<td width="10%"><b>Time (seconds)</b></td>
<td><b>Instance</b></td>
</tr>
<tr>
<td title='com.juaracoding.ta.ProjectSiloam.step_definitions.RunnerTest.runScenario()'><b>runScenario</b><br>Test class: com.juaracoding.ta.ProjectSiloam.step_definitions.RunnerTest<br>Test method: Runs Cucumber Scenarios<br>Parameters: "TCC12_Tidak Mengisi Alasan", "User Input Data"</td>
<td><div><pre>org.openqa.selenium.ElementClickInterceptedException: element click intercepted: Element &lt;button type=&quot;submit&quot; class=&quot;btn btn-primary&quot;&gt;...&lt;/button&gt; is not clickable at point (589, 620). Other element would receive the click: &lt;textarea class=&quot;form-control&quot; id=&quot;reason&quot; name=&quot;reason&quot; rows=&quot;4&quot; placeholder=&quot;Tulis alasan disini...&quot;&gt;&lt;/textarea&gt;
  (Session info: chrome=108.0.5359.125)
Build info: version: &apos;3.141.59&apos;, revision: &apos;e82be7d358&apos;, time: &apos;2018-11-14T08:17:03&apos;
System info: host: &apos;DESKTOP-58VSFVH&apos;, ip: &apos;192.168.1.19&apos;, os.name: &apos;Windows 10&apos;, os.arch: &apos;amd64&apos;, os.version: &apos;10.0&apos;, java.version: &apos;17.0.5&apos;
Driver info: org.openqa.selenium.chrome.ChromeDriver
Capabilities {acceptInsecureCerts: false, browserName: chrome, browserVersion: 108.0.5359.125, chrome: {chromedriverVersion: 108.0.5359.71 (1e0e3868ee06..., userDataDir: C:\Users\ASUS\AppData\Local...}, goog:chromeOptions: {debuggerAddress: localhost:62744}, javascriptEnabled: true, networkConnectionEnabled: false, pageLoadStrategy: normal, platform: WINDOWS, platformName: WINDOWS, proxy: Proxy(), setWindowRect: true, strictFileInteractability: false, timeouts: {implicit: 0, pageLoad: 300000, script: 30000}, unhandledPromptBehavior: dismiss and notify, webauthn:extension:credBlob: true, webauthn:extension:largeBlob: true, webauthn:virtualAuthenticators: true}
Session ID: 6026c524cb67628c752a073852d0987f
	at java.base/jdk.internal.reflect.NativeConstructorAccessorImpl.newInstance0(Native Method)
	at java.base/jdk.internal.reflect.NativeConstructorAccessorImpl.newInstance(NativeConstructorAccessorImpl.java:77)
	at java.base/jdk.internal.reflect.DelegatingConstructorAccessorImpl.newInstance(DelegatingConstructorAccessorImpl.java:45)
	at java.base/java.lang.reflect.Constructor.newInstanceWithCaller(Constructor.java:499)
	at java.base/java.lang.reflect.Constructor.newInstance(Constructor.java:480)
	at org.openqa.selenium.remote.http.W3CHttpResponseCodec.createException(W3CHttpResponseCodec.java:187)
	at org.openqa.selenium.remote.http.W3CHttpResponseCodec.decode(W3CHttpResponseCodec.java:122)
	at org.openqa.selenium.remote.http.W3CHttpResponseCodec.decode(W3CHttpResponseCodec.java:49)
	at org.openqa.selenium.remote.HttpCommandExecutor.execute(HttpCommandExecutor.java:158)
	at org.openqa.selenium.remote.service.DriverCommandExecutor.execute(DriverCommandExecutor.java:83)
	at org.openqa.selenium.remote.RemoteWebDriver.execute(RemoteWebDriver.java:552)
	at org.openqa.selenium.remote.RemoteWebElement.execute(RemoteWebElement.java:285)
	at org.openqa.selenium.remote.RemoteWebElement.click(RemoteWebElement.java:84)
	at jdk.internal.reflect.GeneratedMethodAccessor101.invoke(Unknown Source)
	at java.base/jdk.internal.reflect.DelegatingMethodAccessorImpl.invoke(DelegatingMethodAccessorImpl.java:43)
	at java.base/java.lang.reflect.Method.invoke(Method.java:568)
	at org.openqa.selenium.support.pagefactory.internal.LocatingElementHandler.invoke(LocatingElementHandler.java:51)
	at jdk.proxy2/jdk.proxy2.$Proxy27.click(Unknown Source)
	at com.juaracoding.ta.ProjectSiloam.pages.InputPage.clickBtnSimpan_Data(InputPage.java:139)
	at com.juaracoding.ta.ProjectSiloam.step_definitions.TestInput.ts44_klik_button_simpan_data(TestInput.java:446)
	at ✽.TS44_Klik button Simpan Data(file:///C:/Users/ASUS/eclipse-workspace/ProjectSiloam-dhimas/src/main/resources/features/02.InputPage.feature:69)
</pre></div><a href='#' onClick='toggleBox("stack-trace1164934558", this, "Click to show all stack frames", "Click to hide stack frames")'>Click to show all stack frames</a>
<div class='stack-trace' id='stack-trace1164934558'><pre>org.openqa.selenium.ElementClickInterceptedException: element click intercepted: Element &lt;button type=&quot;submit&quot; class=&quot;btn btn-primary&quot;&gt;...&lt;/button&gt; is not clickable at point (589, 620). Other element would receive the click: &lt;textarea class=&quot;form-control&quot; id=&quot;reason&quot; name=&quot;reason&quot; rows=&quot;4&quot; placeholder=&quot;Tulis alasan disini...&quot;&gt;&lt;/textarea&gt;
  (Session info: chrome=108.0.5359.125)
Build info: version: &apos;3.141.59&apos;, revision: &apos;e82be7d358&apos;, time: &apos;2018-11-14T08:17:03&apos;
System info: host: &apos;DESKTOP-58VSFVH&apos;, ip: &apos;192.168.1.19&apos;, os.name: &apos;Windows 10&apos;, os.arch: &apos;amd64&apos;, os.version: &apos;10.0&apos;, java.version: &apos;17.0.5&apos;
Driver info: org.openqa.selenium.chrome.ChromeDriver
Capabilities {acceptInsecureCerts: false, browserName: chrome, browserVersion: 108.0.5359.125, chrome: {chromedriverVersion: 108.0.5359.71 (1e0e3868ee06..., userDataDir: C:\Users\ASUS\AppData\Local...}, goog:chromeOptions: {debuggerAddress: localhost:62744}, javascriptEnabled: true, networkConnectionEnabled: false, pageLoadStrategy: normal, platform: WINDOWS, platformName: WINDOWS, proxy: Proxy(), setWindowRect: true, strictFileInteractability: false, timeouts: {implicit: 0, pageLoad: 300000, script: 30000}, unhandledPromptBehavior: dismiss and notify, webauthn:extension:credBlob: true, webauthn:extension:largeBlob: true, webauthn:virtualAuthenticators: true}
Session ID: 6026c524cb67628c752a073852d0987f
	at java.base/jdk.internal.reflect.NativeConstructorAccessorImpl.newInstance0(Native Method)
	at java.base/jdk.internal.reflect.NativeConstructorAccessorImpl.newInstance(NativeConstructorAccessorImpl.java:77)
	at java.base/jdk.internal.reflect.DelegatingConstructorAccessorImpl.newInstance(DelegatingConstructorAccessorImpl.java:45)
	at java.base/java.lang.reflect.Constructor.newInstanceWithCaller(Constructor.java:499)
	at java.base/java.lang.reflect.Constructor.newInstance(Constructor.java:480)
	at org.openqa.selenium.remote.http.W3CHttpResponseCodec.createException(W3CHttpResponseCodec.java:187)
	at org.openqa.selenium.remote.http.W3CHttpResponseCodec.decode(W3CHttpResponseCodec.java:122)
	at org.openqa.selenium.remote.http.W3CHttpResponseCodec.decode(W3CHttpResponseCodec.java:49)
	at org.openqa.selenium.remote.HttpCommandExecutor.execute(HttpCommandExecutor.java:158)
	at org.openqa.selenium.remote.service.DriverCommandExecutor.execute(DriverCommandExecutor.java:83)
	at org.openqa.selenium.remote.RemoteWebDriver.execute(RemoteWebDriver.java:552)
	at org.openqa.selenium.remote.RemoteWebElement.execute(RemoteWebElement.java:285)
	at org.openqa.selenium.remote.RemoteWebElement.click(RemoteWebElement.java:84)
	at jdk.internal.reflect.GeneratedMethodAccessor101.invoke(Unknown Source)
	at java.base/jdk.internal.reflect.DelegatingMethodAccessorImpl.invoke(DelegatingMethodAccessorImpl.java:43)
	at java.base/java.lang.reflect.Method.invoke(Method.java:568)
	at org.openqa.selenium.support.pagefactory.internal.LocatingElementHandler.invoke(LocatingElementHandler.java:51)
	at jdk.proxy2/jdk.proxy2.$Proxy27.click(Unknown Source)
	at com.juaracoding.ta.ProjectSiloam.pages.InputPage.clickBtnSimpan_Data(InputPage.java:139)
	at com.juaracoding.ta.ProjectSiloam.step_definitions.TestInput.ts44_klik_button_simpan_data(TestInput.java:446)
	at ✽.TS44_Klik button Simpan Data(file:///C:/Users/ASUS/eclipse-workspace/ProjectSiloam-dhimas/src/main/resources/features/02.InputPage.feature:69)
</pre></div></td>
<td>4</td>
<td>com.juaracoding.ta.ProjectSiloam.step_definitions.RunnerTest@2ef3eef9</td></tr>
</table><p>
<table width='100%' border='1' class='invocation-passed'>
<tr><td colspan='4' align='center'><b>PASSED TESTS</b></td></tr>
<tr><td><b>Test method</b></td>
<td width="30%"><b>Exception</b></td>
<td width="10%"><b>Time (seconds)</b></td>
<td><b>Instance</b></td>
</tr>
<tr>
<td title='com.juaracoding.ta.ProjectSiloam.step_definitions.RunnerTest.runScenario()'><b>runScenario</b><br>Test class: com.juaracoding.ta.ProjectSiloam.step_definitions.RunnerTest<br>Test method: Runs Cucumber Scenarios<br>Parameters: "TCC07_Tidak Mengisi Nomor KTP", "User Input Data"</td>
<td></td>
<td>3</td>
<td>com.juaracoding.ta.ProjectSiloam.step_definitions.RunnerTest@2ef3eef9</td></tr>
<tr>
<td title='com.juaracoding.ta.ProjectSiloam.step_definitions.RunnerTest.runScenario()'><b>runScenario</b><br>Test class: com.juaracoding.ta.ProjectSiloam.step_definitions.RunnerTest<br>Test method: Runs Cucumber Scenarios<br>Parameters: "TCC08_Tidak Mengisi Alamat", "User Input Data"</td>
<td></td>
<td>4</td>
<td>com.juaracoding.ta.ProjectSiloam.step_definitions.RunnerTest@2ef3eef9</td></tr>
<tr>
<td title='com.juaracoding.ta.ProjectSiloam.step_definitions.RunnerTest.runScenario()'><b>runScenario</b><br>Test class: com.juaracoding.ta.ProjectSiloam.step_definitions.RunnerTest<br>Test method: Runs Cucumber Scenarios<br>Parameters: "TCC14_Mengisi nomor KTP dengan alphabet", "User Input Data"</td>
<td></td>
<td>2</td>
<td>com.juaracoding.ta.ProjectSiloam.step_definitions.RunnerTest@2ef3eef9</td></tr>
<tr>
<td title='com.juaracoding.ta.ProjectSiloam.step_definitions.RunnerTest.runScenario()'><b>runScenario</b><br>Test class: com.juaracoding.ta.ProjectSiloam.step_definitions.RunnerTest<br>Test method: Runs Cucumber Scenarios<br>Parameters: "TCC05_Tidak Mengisi Nama", "User Input Data"</td>
<td></td>
<td>2</td>
<td>com.juaracoding.ta.ProjectSiloam.step_definitions.RunnerTest@2ef3eef9</td></tr>
<tr>
<td title='com.juaracoding.ta.ProjectSiloam.step_definitions.RunnerTest.runScenario()'><b>runScenario</b><br>Test class: com.juaracoding.ta.ProjectSiloam.step_definitions.RunnerTest<br>Test method: Runs Cucumber Scenarios<br>Parameters: "TCC20_Kota KTP dan Faskes Tujuan di Kota yang Berbeda", "User Input Data"</td>
<td></td>
<td>2</td>
<td>com.juaracoding.ta.ProjectSiloam.step_definitions.RunnerTest@2ef3eef9</td></tr>
<tr>
<td title='com.juaracoding.ta.ProjectSiloam.step_definitions.RunnerTest.runScenario()'><b>runScenario</b><br>Test class: com.juaracoding.ta.ProjectSiloam.step_definitions.RunnerTest<br>Test method: Runs Cucumber Scenarios<br>Parameters: "TCC21_Mengisi semua field dengan benar", "User Input Data"</td>
<td></td>
<td>6</td>
<td>com.juaracoding.ta.ProjectSiloam.step_definitions.RunnerTest@2ef3eef9</td></tr>
<tr>
<td title='com.juaracoding.ta.ProjectSiloam.step_definitions.RunnerTest.runScenario()'><b>runScenario</b><br>Test class: com.juaracoding.ta.ProjectSiloam.step_definitions.RunnerTest<br>Test method: Runs Cucumber Scenarios<br>Parameters: "TCC01_Memasuki Halaman Input", "User Input Data"</td>
<td></td>
<td>2</td>
<td>com.juaracoding.ta.ProjectSiloam.step_definitions.RunnerTest@2ef3eef9</td></tr>
<tr>
<td title='com.juaracoding.ta.ProjectSiloam.step_definitions.RunnerTest.runScenario()'><b>runScenario</b><br>Test class: com.juaracoding.ta.ProjectSiloam.step_definitions.RunnerTest<br>Test method: Runs Cucumber Scenarios<br>Parameters: "TCC06_Tidak Mengisi Nomor BPJS", "User Input Data"</td>
<td></td>
<td>5</td>
<td>com.juaracoding.ta.ProjectSiloam.step_definitions.RunnerTest@2ef3eef9</td></tr>
<tr>
<td title='com.juaracoding.ta.ProjectSiloam.step_definitions.RunnerTest.runScenario()'><b>runScenario</b><br>Test class: com.juaracoding.ta.ProjectSiloam.step_definitions.RunnerTest<br>Test method: Runs Cucumber Scenarios<br>Parameters: "TCC04_Tidak Mengisi Apapun", "User Input Data"</td>
<td></td>
<td>1</td>
<td>com.juaracoding.ta.ProjectSiloam.step_definitions.RunnerTest@2ef3eef9</td></tr>
<tr>
<td title='com.juaracoding.ta.ProjectSiloam.step_definitions.RunnerTest.runScenario()'><b>runScenario</b><br>Test class: com.juaracoding.ta.ProjectSiloam.step_definitions.RunnerTest<br>Test method: Runs Cucumber Scenarios<br>Parameters: "TCC15_Mengisi nomor BPJS lebih dari 13 karakter", "User Input Data"</td>
<td></td>
<td>1</td>
<td>com.juaracoding.ta.ProjectSiloam.step_definitions.RunnerTest@2ef3eef9</td></tr>
<tr>
<td title='com.juaracoding.ta.ProjectSiloam.step_definitions.RunnerTest.runScenario()'><b>runScenario</b><br>Test class: com.juaracoding.ta.ProjectSiloam.step_definitions.RunnerTest<br>Test method: Runs Cucumber Scenarios<br>Parameters: "TCC17_Mengisi nomor BPJS kurang dari 13 karakter", "User Input Data"</td>
<td></td>
<td>2</td>
<td>com.juaracoding.ta.ProjectSiloam.step_definitions.RunnerTest@2ef3eef9</td></tr>
<tr>
<td title='com.juaracoding.ta.ProjectSiloam.step_definitions.RunnerTest.runScenario()'><b>runScenario</b><br>Test class: com.juaracoding.ta.ProjectSiloam.step_definitions.RunnerTest<br>Test method: Runs Cucumber Scenarios<br>Parameters: "Field Username dan Password Benar pada Admin", "User Login Admin"</td>
<td></td>
<td>36</td>
<td>com.juaracoding.ta.ProjectSiloam.step_definitions.RunnerTest@2ef3eef9</td></tr>
<tr>
<td title='com.juaracoding.ta.ProjectSiloam.step_definitions.RunnerTest.runScenario()'><b>runScenario</b><br>Test class: com.juaracoding.ta.ProjectSiloam.step_definitions.RunnerTest<br>Test method: Runs Cucumber Scenarios<br>Parameters: "TCC09_Tidak Mengisi Kota KTP", "User Input Data"</td>
<td></td>
<td>3</td>
<td>com.juaracoding.ta.ProjectSiloam.step_definitions.RunnerTest@2ef3eef9</td></tr>
<tr>
<td title='com.juaracoding.ta.ProjectSiloam.step_definitions.RunnerTest.runScenario()'><b>runScenario</b><br>Test class: com.juaracoding.ta.ProjectSiloam.step_definitions.RunnerTest<br>Test method: Runs Cucumber Scenarios<br>Parameters: "TCC11_Tidak Mengisi Faskes Tujuan", "User Input Data"</td>
<td></td>
<td>3</td>
<td>com.juaracoding.ta.ProjectSiloam.step_definitions.RunnerTest@2ef3eef9</td></tr>
<tr>
<td title='com.juaracoding.ta.ProjectSiloam.step_definitions.RunnerTest.runScenario()'><b>runScenario</b><br>Test class: com.juaracoding.ta.ProjectSiloam.step_definitions.RunnerTest<br>Test method: Runs Cucumber Scenarios<br>Parameters: "TCC10_Tidak Mengisi Faskes Awal", "User Input Data"</td>
<td></td>
<td>2</td>
<td>com.juaracoding.ta.ProjectSiloam.step_definitions.RunnerTest@2ef3eef9</td></tr>
<tr>
<td title='com.juaracoding.ta.ProjectSiloam.step_definitions.RunnerTest.runScenario()'><b>runScenario</b><br>Test class: com.juaracoding.ta.ProjectSiloam.step_definitions.RunnerTest<br>Test method: Runs Cucumber Scenarios<br>Parameters: "TCC18_Mengisi nomor KTP kurang dari 16 karakter", "User Input Data"</td>
<td></td>
<td>2</td>
<td>com.juaracoding.ta.ProjectSiloam.step_definitions.RunnerTest@2ef3eef9</td></tr>
<tr>
<td title='com.juaracoding.ta.ProjectSiloam.step_definitions.RunnerTest.runScenario()'><b>runScenario</b><br>Test class: com.juaracoding.ta.ProjectSiloam.step_definitions.RunnerTest<br>Test method: Runs Cucumber Scenarios<br>Parameters: "TCC02_Memasuki Halaman Upload", "User Input Data"</td>
<td></td>
<td>0</td>
<td>com.juaracoding.ta.ProjectSiloam.step_definitions.RunnerTest@2ef3eef9</td></tr>
<tr>
<td title='com.juaracoding.ta.ProjectSiloam.step_definitions.RunnerTest.runScenario()'><b>runScenario</b><br>Test class: com.juaracoding.ta.ProjectSiloam.step_definitions.RunnerTest<br>Test method: Runs Cucumber Scenarios<br>Parameters: "TCC16_Mengisi nomor KTP lebih dari 16 karakter", "User Input Data"</td>
<td></td>
<td>1</td>
<td>com.juaracoding.ta.ProjectSiloam.step_definitions.RunnerTest@2ef3eef9</td></tr>
<tr>
<td title='com.juaracoding.ta.ProjectSiloam.step_definitions.RunnerTest.runScenario()'><b>runScenario</b><br>Test class: com.juaracoding.ta.ProjectSiloam.step_definitions.RunnerTest<br>Test method: Runs Cucumber Scenarios<br>Parameters: "TCC03_Memasuki Halaman TTD Digital", "User Input Data"</td>
<td></td>
<td>0</td>
<td>com.juaracoding.ta.ProjectSiloam.step_definitions.RunnerTest@2ef3eef9</td></tr>
<tr>
<td title='com.juaracoding.ta.ProjectSiloam.step_definitions.RunnerTest.runScenario()'><b>runScenario</b><br>Test class: com.juaracoding.ta.ProjectSiloam.step_definitions.RunnerTest<br>Test method: Runs Cucumber Scenarios<br>Parameters: "TCC19_Kota KTP dan Faskes Tujuan di Kota yang Sama", "User Input Data"</td>
<td></td>
<td>2</td>
<td>com.juaracoding.ta.ProjectSiloam.step_definitions.RunnerTest@2ef3eef9</td></tr>
<tr>
<td title='com.juaracoding.ta.ProjectSiloam.step_definitions.RunnerTest.runScenario()'><b>runScenario</b><br>Test class: com.juaracoding.ta.ProjectSiloam.step_definitions.RunnerTest<br>Test method: Runs Cucumber Scenarios<br>Parameters: "TCC13_Mengisi nomor BPJS dengan alphabet", "User Input Data"</td>
<td></td>
<td>1</td>
<td>com.juaracoding.ta.ProjectSiloam.step_definitions.RunnerTest@2ef3eef9</td></tr>
</table><p>
</body>
</html>