<?xml version="1.0" encoding="UTF-8"?>
<!-- Generated by org.testng.reporters.JUnitReportReporter -->
<testsuite hostname="DESKTOP-58VSFVH" failures="0" tests="22" name="com.juaracoding.ta.ProjectSiloam.step_definitions.RunnerTest" time="92.302" errors="1" timestamp="2023-01-04T23:00:24 WIB" skipped="0">
  <testcase classname="com.juaracoding.ta.ProjectSiloam.step_definitions.RunnerTest" name="runScenario" time="3.633"/>
  <system-out/>
  <testcase classname="com.juaracoding.ta.ProjectSiloam.step_definitions.RunnerTest" name="runScenario" time="4.340"/>
  <system-out/>
  <testcase classname="com.juaracoding.ta.ProjectSiloam.step_definitions.RunnerTest" name="runScenario" time="2.015"/>
  <system-out/>
  <testcase classname="com.juaracoding.ta.ProjectSiloam.step_definitions.RunnerTest" name="runScenario" time="2.207"/>
  <system-out/>
  <testcase classname="com.juaracoding.ta.ProjectSiloam.step_definitions.RunnerTest" name="runScenario" time="2.006"/>
  <system-out/>
  <testcase classname="com.juaracoding.ta.ProjectSiloam.step_definitions.RunnerTest" name="runScenario" time="6.743"/>
  <system-out/>
  <testcase classname="com.juaracoding.ta.ProjectSiloam.step_definitions.RunnerTest" name="runScenario" time="2.025"/>
  <system-out/>
  <testcase classname="com.juaracoding.ta.ProjectSiloam.step_definitions.RunnerTest" name="runScenario" time="5.232"/>
  <system-out/>
  <testcase classname="com.juaracoding.ta.ProjectSiloam.step_definitions.RunnerTest" name="runScenario" time="1.586"/>
  <system-out/>
  <testcase classname="com.juaracoding.ta.ProjectSiloam.step_definitions.RunnerTest" name="runScenario" time="1.738"/>
  <system-out/>
  <testcase classname="com.juaracoding.ta.ProjectSiloam.step_definitions.RunnerTest" name="runScenario" time="2.595"/>
  <system-out/>
  <testcase classname="com.juaracoding.ta.ProjectSiloam.step_definitions.RunnerTest" name="runScenario" time="36.069"/>
  <system-out/>
  <testcase classname="com.juaracoding.ta.ProjectSiloam.step_definitions.RunnerTest" name="runScenario" time="4.523">
    <error message="element click intercepted: Element &lt;button type=&quot;submit&quot; class=&quot;btn btn-primary&quot;&gt;...&lt;/button&gt; is not clickable at point (589, 620). Other element would receive the click: &lt;textarea class=&quot;form-control&quot; id=&quot;reason&quot; name=&quot;reason&quot; rows=&quot;4&quot; placeholder=&quot;Tulis alasan disini...&quot;&gt;&lt;/textarea&gt;
  (Session info: chrome=108.0.5359.125)
Build info: version: &#039;3.141.59&#039;, revision: &#039;e82be7d358&#039;, time: &#039;2018-11-14T08:17:03&#039;
System info: host: &#039;DESKTOP-58VSFVH&#039;, ip: &#039;192.168.1.19&#039;, os.name: &#039;Windows 10&#039;, os.arch: &#039;amd64&#039;, os.version: &#039;10.0&#039;, java.version: &#039;17.0.5&#039;
Driver info: org.openqa.selenium.chrome.ChromeDriver
Capabilities {acceptInsecureCerts: false, browserName: chrome, browserVersion: 108.0.5359.125, chrome: {chromedriverVersion: 108.0.5359.71 (1e0e3868ee06..., userDataDir: C:\Users\ASUS\AppData\Local...}, goog:chromeOptions: {debuggerAddress: localhost:62744}, javascriptEnabled: true, networkConnectionEnabled: false, pageLoadStrategy: normal, platform: WINDOWS, platformName: WINDOWS, proxy: Proxy(), setWindowRect: true, strictFileInteractability: false, timeouts: {implicit: 0, pageLoad: 300000, script: 30000}, unhandledPromptBehavior: dismiss and notify, webauthn:extension:credBlob: true, webauthn:extension:largeBlob: true, webauthn:virtualAuthenticators: true}
Session ID: 6026c524cb67628c752a073852d0987f" type="org.openqa.selenium.ElementClickInterceptedException">
      <![CDATA[org.openqa.selenium.ElementClickInterceptedException: element click intercepted: Element <button type="submit" class="btn btn-primary">...</button> is not clickable at point (589, 620). Other element would receive the click: <textarea class="form-control" id="reason" name="reason" rows="4" placeholder="Tulis alasan disini..."></textarea>
  (Session info: chrome=108.0.5359.125)
Build info: version: '3.141.59', revision: 'e82be7d358', time: '2018-11-14T08:17:03'
System info: host: 'DESKTOP-58VSFVH', ip: '192.168.1.19', os.name: 'Windows 10', os.arch: 'amd64', os.version: '10.0', java.version: '17.0.5'
Driver info: org.openqa.selenium.chrome.ChromeDriver
Capabilities {acceptInsecureCerts: false, browserName: chrome, browserVersion: 108.0.5359.125, chrome: {chromedriverVersion: 108.0.5359.71 (1e0e3868ee06..., userDataDir: C:\Users\ASUS\AppData\Local...}, goog:chromeOptions: {debuggerAddress: localhost:62744}, javascriptEnabled: true, networkConnectionEnabled: false, pageLoadStrategy: normal, platform: WINDOWS, platformName: WINDOWS, proxy: Proxy(), setWindowRect: true, strictFileInteractability: false, timeouts: {implicit: 0, pageLoad: 300000, script: 30000}, unhandledPromptBehavior: dismiss and notify, webauthn:extension:credBlob: true, webauthn:extension:largeBlob: true, webauthn:virtualAuthenticators: true}
Session ID: 6026c524cb67628c752a073852d0987f
at java.base/jdk.internal.reflect.NativeConstructorAccessorImpl.newInstance0(Native Method)
at java.base/jdk.internal.reflect.NativeConstructorAccessorImpl.newInstance(NativeConstructorAccessorImpl.java:77)
at java.base/jdk.internal.reflect.DelegatingConstructorAccessorImpl.newInstance(DelegatingConstructorAccessorImpl.java:45)
at java.base/java.lang.reflect.Constructor.newInstanceWithCaller(Constructor.java:499)
at java.base/java.lang.reflect.Constructor.newInstance(Constructor.java:480)
at org.openqa.selenium.remote.http.W3CHttpResponseCodec.createException(W3CHttpResponseCodec.java:187)
at org.openqa.selenium.remote.http.W3CHttpResponseCodec.decode(W3CHttpResponseCodec.java:122)
at org.openqa.selenium.remote.http.W3CHttpResponseCodec.decode(W3CHttpResponseCodec.java:49)
at org.openqa.selenium.remote.HttpCommandExecutor.execute(HttpCommandExecutor.java:158)
at org.openqa.selenium.remote.service.DriverCommandExecutor.execute(DriverCommandExecutor.java:83)
at org.openqa.selenium.remote.RemoteWebDriver.execute(RemoteWebDriver.java:552)
at org.openqa.selenium.remote.RemoteWebElement.execute(RemoteWebElement.java:285)
at org.openqa.selenium.remote.RemoteWebElement.click(RemoteWebElement.java:84)
at jdk.internal.reflect.GeneratedMethodAccessor101.invoke(Unknown Source)
at java.base/jdk.internal.reflect.DelegatingMethodAccessorImpl.invoke(DelegatingMethodAccessorImpl.java:43)
at java.base/java.lang.reflect.Method.invoke(Method.java:568)
at org.openqa.selenium.support.pagefactory.internal.LocatingElementHandler.invoke(LocatingElementHandler.java:51)
at jdk.proxy2/jdk.proxy2.$Proxy27.click(Unknown Source)
at com.juaracoding.ta.ProjectSiloam.pages.InputPage.clickBtnSimpan_Data(InputPage.java:139)
at com.juaracoding.ta.ProjectSiloam.step_definitions.TestInput.ts44_klik_button_simpan_data(TestInput.java:446)
at âœ½.TS44_Klik button Simpan Data(file:///C:/Users/ASUS/eclipse-workspace/ProjectSiloam-dhimas/src/main/resources/features/02.InputPage.feature:69)
]]>
    </error>
  </testcase> <!-- runScenario -->
  <system-out/>
  <testcase classname="com.juaracoding.ta.ProjectSiloam.step_definitions.RunnerTest" name="runScenario" time="3.081"/>
  <system-out/>
  <testcase classname="com.juaracoding.ta.ProjectSiloam.step_definitions.RunnerTest" name="runScenario" time="3.553"/>
  <system-out/>
  <testcase classname="com.juaracoding.ta.ProjectSiloam.step_definitions.RunnerTest" name="runScenario" time="2.377"/>
  <system-out/>
  <testcase classname="com.juaracoding.ta.ProjectSiloam.step_definitions.RunnerTest" name="runScenario" time="2.345"/>
  <system-out/>
  <testcase classname="com.juaracoding.ta.ProjectSiloam.step_definitions.RunnerTest" name="runScenario" time="0.325"/>
  <system-out/>
  <testcase classname="com.juaracoding.ta.ProjectSiloam.step_definitions.RunnerTest" name="runScenario" time="1.939"/>
  <system-out/>
  <testcase classname="com.juaracoding.ta.ProjectSiloam.step_definitions.RunnerTest" name="runScenario" time="0.248"/>
  <system-out/>
  <testcase classname="com.juaracoding.ta.ProjectSiloam.step_definitions.RunnerTest" name="runScenario" time="2.097"/>
  <system-out/>
  <testcase classname="com.juaracoding.ta.ProjectSiloam.step_definitions.RunnerTest" name="runScenario" time="1.625"/>
  <system-out/>
</testsuite> <!-- com.juaracoding.ta.ProjectSiloam.step_definitions.RunnerTest -->
